# JRE version: Java(TM) SE Runtime Environment (8.0_05-b13) (build 1.8.0_05-b13)
# Java VM: Java HotSpot(TM) 64-Bit Server VM (25.5-b02 mixed mode bsd-amd64 compressed oops)
Heap:
 PSYoungGen      total 13824K, used 7867K [0x0000000795580000, 0x0000000796b80000, 0x00000007c0000000)
  eden space 10752K, 72% used [0x0000000795580000,0x0000000795d16c90,0x0000000796000000)
  from space 3072K, 3% used [0x0000000796580000,0x0000000796598000,0x0000000796880000)
  to   space 3072K, 0% used [0x0000000796880000,0x0000000796880000,0x0000000796b80000)
 ParOldGen       total 129536K, used 6026K [0x0000000740000000, 0x0000000747e80000, 0x0000000795580000)
  object space 129536K, 4% used [0x0000000740000000,0x00000007405e2b20,0x0000000747e80000)
 Metaspace       used 9416K, capacity 9597K, committed 9856K, reserved 1058816K
  class space    used 987K, capacity 1039K, committed 1152K, reserved 1048576K
GC Heap History (10 events):
Event: 2.405 GC heap before
{Heap before GC invocations=9 (full 0):
 PSYoungGen      total 8704K, used 8704K [0x0000000795580000, 0x0000000796280000, 0x00000007c0000000)
  eden space 7168K, 100% used [0x0000000795580000,0x0000000795c80000,0x0000000795c80000)
  from space 1536K, 100% used [0x0000000795f00000,0x0000000796080000,0x0000000796080000)
  to   space 2560K, 0% used [0x0000000795c80000,0x0000000795c80000,0x0000000795f00000)
 ParOldGen       total 129536K, used 2284K [0x0000000740000000, 0x0000000747e80000, 0x0000000795580000)
  object space 129536K, 1% used [0x0000000740000000,0x000000074023b290,0x0000000747e80000)
 Metaspace       used 9250K, capacity 9401K, committed 9600K, reserved 1058816K
  class space    used 986K, capacity 1039K, committed 1152K, reserved 1048576K
Event: 2.413 GC heap after
Heap after GC invocations=9 (full 0):
 PSYoungGen      total 9728K, used 2550K [0x0000000795580000, 0x0000000796700000, 0x00000007c0000000)
  eden space 7168K, 0% used [0x0000000795580000,0x0000000795580000,0x0000000795c80000)
  from space 2560K, 99% used [0x0000000795c80000,0x0000000795efd858,0x0000000795f00000)
  to   space 3072K, 0% used [0x0000000796400000,0x0000000796400000,0x0000000796700000)
 ParOldGen       total 129536K, used 3407K [0x0000000740000000, 0x0000000747e80000, 0x0000000795580000)
  object space 129536K, 2% used [0x0000000740000000,0x0000000740353f58,0x0000000747e80000)
 Metaspace       used 9250K, capacity 9401K, committed 9600K, reserved 1058816K
  class space    used 986K, capacity 1039K, committed 1152K, reserved 1048576K
}
Event: 3.789 GC heap before
{Heap before GC invocations=10 (full 0):
 PSYoungGen      total 9728K, used 9718K [0x0000000795580000, 0x0000000796700000, 0x00000007c0000000)
  eden space 7168K, 100% used [0x0000000795580000,0x0000000795c80000,0x0000000795c80000)
  from space 2560K, 99% used [0x0000000795c80000,0x0000000795efd858,0x0000000795f00000)
  to   space 3072K, 0% used [0x0000000796400000,0x0000000796400000,0x0000000796700000)
 ParOldGen       total 129536K, used 3407K [0x0000000740000000, 0x0000000747e80000, 0x0000000795580000)
  object space 129536K, 2% used [0x0000000740000000,0x0000000740353f58,0x0000000747e80000)
 Metaspace       used 9352K, capacity 9533K, committed 9856K, reserved 1058816K
  class space    used 986K, capacity 1039K, committed 1152K, reserved 1048576K
Event: 3.794 GC heap after
Heap after GC invocations=10 (full 0):
 PSYoungGen      total 14848K, used 1536K [0x0000000795580000, 0x0000000796700000, 0x00000007c0000000)
  eden space 11776K, 0% used [0x0000000795580000,0x0000000795580000,0x0000000796100000)
  from space 3072K, 50% used [0x0000000796400000,0x0000000796580000,0x0000000796700000)
  to   space 3072K, 0% used [0x0000000796100000,0x0000000796100000,0x0000000796400000)
 ParOldGen       total 129536K, used 4498K [0x0000000740000000, 0x0000000747e80000, 0x0000000795580000)
  object space 129536K, 3% used [0x0000000740000000,0x0000000740464b20,0x0000000747e80000)
 Metaspace       used 9352K, capacity 9533K, committed 9856K, reserved 1058816K
  class space    used 986K, capacity 1039K, committed 1152K, reserved 1048576K
}
Event: 4.640 GC heap before
{Heap before GC invocations=11 (full 0):
 PSYoungGen      total 14848K, used 13312K [0x0000000795580000, 0x0000000796700000, 0x00000007c0000000)
  eden space 11776K, 100% used [0x0000000795580000,0x0000000796100000,0x0000000796100000)
  from space 3072K, 50% used [0x0000000796400000,0x0000000796580000,0x0000000796700000)
  to   space 3072K, 0% used [0x0000000796100000,0x0000000796100000,0x0000000796400000)
 ParOldGen       total 129536K, used 4498K [0x0000000740000000, 0x0000000747e80000, 0x0000000795580000)
  object space 129536K, 3% used [0x0000000740000000,0x0000000740464b20,0x0000000747e80000)
 Metaspace       used 9398K, capacity 9597K, committed 9856K, reserved 1058816K
  class space    used 986K, capacity 1039K, committed 1152K, reserved 1048576K
Event: 4.644 GC heap after
Heap after GC invocations=11 (full 0):
 PSYoungGen      total 14848K, used 96K [0x0000000795580000, 0x0000000796e00000, 0x00000007c0000000)
  eden space 11776K, 0% used [0x0000000795580000,0x0000000795580000,0x0000000796100000)
  from space 3072K, 3% used [0x0000000796100000,0x0000000796118000,0x0000000796400000)
  to   space 3072K, 0% used [0x0000000796b00000,0x0000000796b00000,0x0000000796e00000)
 ParOldGen       total 129536K, used 5994K [0x0000000740000000, 0x0000000747e80000, 0x0000000795580000)
  object space 129536K, 4% used [0x0000000740000000,0x00000007405dab20,0x0000000747e80000)
 Metaspace       used 9398K, capacity 9597K, committed 9856K, reserved 1058816K
  class space    used 986K, capacity 1039K, committed 1152K, reserved 1048576K
}
Event: 5.606 GC heap before
{Heap before GC invocations=12 (full 0):
 PSYoungGen      total 14848K, used 11872K [0x0000000795580000, 0x0000000796e00000, 0x00000007c0000000)
  eden space 11776K, 100% used [0x0000000795580000,0x0000000796100000,0x0000000796100000)
  from space 3072K, 3% used [0x0000000796100000,0x0000000796118000,0x0000000796400000)
  to   space 3072K, 0% used [0x0000000796b00000,0x0000000796b00000,0x0000000796e00000)
 ParOldGen       total 129536K, used 5994K [0x0000000740000000, 0x0000000747e80000, 0x0000000795580000)
  object space 129536K, 4% used [0x0000000740000000,0x00000007405dab20,0x0000000747e80000)
 Metaspace       used 9398K, capacity 9597K, committed 9856K, reserved 1058816K
  class space    used 986K, capacity 1039K, committed 1152K, reserved 1048576K
Event: 5.607 GC heap after
Heap after GC invocations=12 (full 0):
 PSYoungGen      total 11776K, used 64K [0x0000000795580000, 0x0000000796b80000, 0x00000007c0000000)
  eden space 11264K, 0% used [0x0000000795580000,0x0000000795580000,0x0000000796080000)
  from space 512K, 12% used [0x0000000796b00000,0x0000000796b10000,0x0000000796b80000)
  to   space 3072K, 0% used [0x0000000796580000,0x0000000796580000,0x0000000796880000)
 ParOldGen       total 129536K, used 6010K [0x0000000740000000, 0x0000000747e80000, 0x0000000795580000)
  object space 129536K, 4% used [0x0000000740000000,0x00000007405deb20,0x0000000747e80000)
 Metaspace       used 9398K, capacity 9597K, committed 9856K, reserved 1058816K
  class space    used 986K, capacity 1039K, committed 1152K, reserved 1048576K
}
Event: 8.967 GC heap before
{Heap before GC invocations=13 (full 0):
 PSYoungGen      total 11776K, used 11328K [0x0000000795580000, 0x0000000796b80000, 0x00000007c0000000)
  eden space 11264K, 100% used [0x0000000795580000,0x0000000796080000,0x0000000796080000)
  from space 512K, 12% used [0x0000000796b00000,0x0000000796b10000,0x0000000796b80000)
  to   space 3072K, 0% used [0x0000000796580000,0x0000000796580000,0x0000000796880000)
 ParOldGen       total 129536K, used 6010K [0x0000000740000000, 0x0000000747e80000, 0x0000000795580000)
  object space 129536K, 4% used [0x0000000740000000,0x00000007405deb20,0x0000000747e80000)
 Metaspace       used 9402K, capacity 9597K, committed 9856K, reserved 1058816K
  class space    used 986K, capacity 1039K, committed 1152K, reserved 1048576K
Event: 8.968 GC heap after
Heap after GC invocations=13 (full 0):
 PSYoungGen      total 13824K, used 96K [0x0000000795580000, 0x0000000796b80000, 0x00000007c0000000)
  eden space 10752K, 0% used [0x0000000795580000,0x0000000795580000,0x0000000796000000)
  from space 3072K, 3% used [0x0000000796580000,0x0000000796598000,0x0000000796880000)
  to   space 3072K, 0% used [0x0000000796880000,0x0000000796880000,0x0000000796b80000)
 ParOldGen       total 129536K, used 6026K [0x0000000740000000, 0x0000000747e80000, 0x0000000795580000)
  object space 129536K, 4% used [0x0000000740000000,0x00000007405e2b20,0x0000000747e80000)
 Metaspace       used 9402K, capacity 9597K, committed 9856K, reserved 1058816K
  class space    used 986K, capacity 1039K, committed 1152K, reserved 1048576K
}

